#
# There is insufficient memory for the Java Runtime Environment to continue.
# Native memory allocation (mmap) failed to map 121634816 bytes for committing reserved memory.
# Possible reasons:
#   The system is out of physical RAM or swap space
#   The process is running with CompressedOops enabled, and the Java Heap may be blocking the growth of the native heap
# Possible solutions:
#   Reduce memory load on the system
#   Increase physical memory or swap space
#   Check if swap backing store is full
#   Decrease Java heap size (-Xmx/-Xms)
#   Decrease number of Java threads
#   Decrease Java thread stack sizes (-Xss)
#   Set larger code cache with -XX:ReservedCodeCacheSize=
#   JVM is running with Unscaled Compressed Oops mode in which the Java heap is
#     placed in the first 4GB address space. The Java Heap base address is the
#     maximum limit for the native heap growth. Please use -XX:HeapBaseMinAddress
#     to set the Java Heap base and to place the Java Heap above 4GB virtual address.
# This output file may be truncated or incomplete.
#
#  Out of Memory Error (os_linux.cpp:2753), pid=28407, tid=0x00007f39475f5700
#
# JRE version: OpenJDK Runtime Environment (8.0_202) (build 1.8.0_202-release-1483-b49-5587405)
# Java VM: OpenJDK 64-Bit Server VM (25.202-b49-5587405 mixed mode linux-amd64 compressed oops)
# Failed to write core dump. Core dumps have been disabled. To enable core dumping, try "ulimit -c unlimited" before starting Java again
#

---------------  T H R E A D  ---------------

Current thread (0x00007f3964148000):  VMThread [stack: 0x00007f39474f5000,0x00007f39475f6000] [id=28415]

Stack: [0x00007f39474f5000,0x00007f39475f6000],  sp=0x00007f39475f4570,  free space=1021k
Native frames: (J=compiled Java code, j=interpreted, Vv=VM code, C=native code)
V  [libjvm.so+0xa08b78]  VMError::report_and_die()+0x148
V  [libjvm.so+0x4d412a]  report_vm_out_of_memory(char const*, int, unsigned long, VMErrorType, char const*)+0x8a
V  [libjvm.so+0x870478]  os::pd_commit_memory(char*, unsigned long, unsigned long, bool)+0xd8
V  [libjvm.so+0x867f9f]  os::commit_memory(char*, unsigned long, unsigned long, bool)+0x1f
V  [libjvm.so+0x8e14eb]  PSVirtualSpace::expand_by(unsigned long)+0x5b
V  [libjvm.so+0x8e2140]  PSYoungGen::resize_generation(unsigned long, unsigned long)+0xb0
V  [libjvm.so+0x8e245b]  PSYoungGen::resize(unsigned long, unsigned long)+0x1b
V  [libjvm.so+0x8deb8e]  PSScavenge::invoke_no_policy()+0xdce
V  [libjvm.so+0x8df348]  PSScavenge::invoke()+0x38
V  [libjvm.so+0x893763]  ParallelScavengeHeap::failed_mem_allocate(unsigned long)+0x63
V  [libjvm.so+0xa0a644]  VM_ParallelGCFailedAllocation::doit()+0x84
V  [libjvm.so+0xa0ea17]  VM_Operation::evaluate()+0x47
V  [libjvm.so+0xa0d498]  VMThread::evaluate_operation(VM_Operation*)+0x218
V  [libjvm.so+0xa0d8d1]  VMThread::loop()+0x1f1
V  [libjvm.so+0xa0dd02]  VMThread::run()+0x72
V  [libjvm.so+0x86d652]  java_start(Thread*)+0xf2

VM_Operation (0x00007f396a3f21c0): ParallelGCFailedAllocation, mode: safepoint, requested by thread 0x00007f3964013800


---------------  P R O C E S S  ---------------

Java Threads: ( => current thread )
  0x00007f3928001000 JavaThread "Attach Listener" daemon [_thread_blocked, id=28433, stack(0x00007f3946977000,0x00007f3946a78000)]
  0x00007f3964212800 JavaThread "Service Thread" daemon [_thread_blocked, id=28425, stack(0x00007f3946ced000,0x00007f3946dee000)]
  0x00007f3964205000 JavaThread "C1 CompilerThread2" daemon [_thread_blocked, id=28424, stack(0x00007f3946dee000,0x00007f3946eef000)]
  0x00007f3964202800 JavaThread "C2 CompilerThread1" daemon [_thread_blocked, id=28423, stack(0x00007f3946eef000,0x00007f3946ff0000)]
  0x00007f3964200800 JavaThread "C2 CompilerThread0" daemon [_thread_blocked, id=28422, stack(0x00007f3946ff0000,0x00007f39470f1000)]
  0x00007f39641fe000 JavaThread "Monitor Ctrl-Break" daemon [_thread_in_native, id=28421, stack(0x00007f39470f1000,0x00007f39471f2000)]
  0x00007f3964186000 JavaThread "Signal Dispatcher" daemon [_thread_blocked, id=28418, stack(0x00007f39471f2000,0x00007f39472f3000)]
  0x00007f3964154800 JavaThread "Finalizer" daemon [_thread_blocked, id=28417, stack(0x00007f39472f3000,0x00007f39473f4000)]
  0x00007f3964151800 JavaThread "Reference Handler" daemon [_thread_blocked, id=28416, stack(0x00007f39473f4000,0x00007f39474f5000)]
  0x00007f3964013800 JavaThread "main" [_thread_blocked, id=28408, stack(0x00007f396a2f9000,0x00007f396a3fa000)]

Other Threads:
=>0x00007f3964148000 VMThread [stack: 0x00007f39474f5000,0x00007f39475f6000] [id=28415]
  0x00007f3964215000 WatcherThread [stack: 0x00007f3946bec000,0x00007f3946ced000] [id=28426]

VM state:at safepoint (normal execution)

VM Mutex/Monitor currently owned by a thread:  ([mutex/lock_event])
[0x00007f396400c930] Threads_lock - owner thread: 0x00007f3964148000
[0x00007f396400ce30] Heap_lock - owner thread: 0x00007f3964013800

heap address: 0x00000000a4400000, size: 1468 MB, Compressed Oops mode: 32-bit
Narrow klass base: 0x0000000000000000, Narrow klass shift: 3
Compressed class space size: 1073741824 Address: 0x0000000100000000

Heap:
 PSYoungGen      total 199680K, used 7140K [0x00000000e1700000, 0x00000000ee100000, 0x0000000100000000)
  eden space 192512K, 0% used [0x00000000e1700000,0x00000000e1700000,0x00000000ed300000)
  from space 7168K, 99% used [0x00000000ed300000,0x00000000ed9f9180,0x00000000eda00000)
  to   space 7168K, 0% used [0x00000000eda00000,0x00000000eda00000,0x00000000ee100000)
 ParOldGen       total 62976K, used 10041K [0x00000000a4400000, 0x00000000a8180000, 0x00000000e1700000)
  object space 62976K, 15% used [0x00000000a4400000,0x00000000a4dce5b0,0x00000000a8180000)
 Metaspace       used 19004K, capacity 19254K, committed 19584K, reserved 1067008K
  class space    used 2565K, capacity 2641K, committed 2688K, reserved 1048576K

Card table byte_map: [0x00007f395474f000,0x00007f3954a2e000] byte_map_base: 0x00007f395422d000

Marking Bits: (ParMarkBitMap*) 0x00007f3969a1e920
 Begin Bits: [0x00007f394d220000, 0x00007f394e910000)
 End Bits:   [0x00007f394e910000, 0x00007f3950000000)

Polling page: 0x00007f396a41d000

CodeCache: size=245760Kb used=8979Kb max_used=8995Kb free=236780Kb
 bounds [0x00007f3954dee000, 0x00007f39556ce000, 0x00007f3963dee000]
 total_blobs=2810 nmethods=2457 adapters=266
 compilation: enabled

Compilation events (10 events):
Event: 4.768 Thread 0x00007f3964200800 nmethod 2477 0x00007f39556b79d0 code [0x00007f39556b7b40, 0x00007f39556b7e98]
Event: 4.779 Thread 0x00007f3964205000 2479       3       java.util.regex.Pattern$GroupHead::match (47 bytes)
Event: 4.779 Thread 0x00007f3964205000 nmethod 2479 0x00007f39556b73d0 code [0x00007f39556b7540, 0x00007f39556b77e8]
Event: 4.779 Thread 0x00007f3964205000 2480       3       java.util.regex.Matcher::group (112 bytes)
Event: 4.779 Thread 0x00007f3964205000 nmethod 2480 0x00007f39556b5e50 code [0x00007f39556b60a0, 0x00007f39556b6e08]
Event: 4.779 Thread 0x00007f3964205000 2481       3       java.util.regex.Matcher::groupCount (10 bytes)
Event: 4.779 Thread 0x00007f3964205000 nmethod 2481 0x00007f395569b110 code [0x00007f395569b280, 0x00007f395569b3d0]
Event: 4.787 Thread 0x00007f3964202800 nmethod 2478 0x00007f39556bc210 code [0x00007f39556bc440, 0x00007f39556bda28]
Event: 4.796 Thread 0x00007f3964205000 2482       3       java.util.HashSet::iterator (13 bytes)
Event: 4.796 Thread 0x00007f3964205000 nmethod 2482 0x00007f39556a41d0 code [0x00007f39556a4360, 0x00007f39556a4638]

GC Heap History (10 events):
Event: 2.116 GC heap after
Heap after GC invocations=4 (full 0):
 PSYoungGen      total 51712K, used 3579K [0x00000000e1700000, 0x00000000e4d00000, 0x0000000100000000)
  eden space 48128K, 0% used [0x00000000e1700000,0x00000000e1700000,0x00000000e4600000)
  from space 3584K, 99% used [0x00000000e4980000,0x00000000e4cfeef8,0x00000000e4d00000)
  to   space 3584K, 0% used [0x00000000e4600000,0x00000000e4600000,0x00000000e4980000)
 ParOldGen       total 62976K, used 5381K [0x00000000a4400000, 0x00000000a8180000, 0x00000000e1700000)
  object space 62976K, 8% used [0x00000000a4400000,0x00000000a4941518,0x00000000a8180000)
 Metaspace       used 9263K, capacity 9472K, committed 9600K, reserved 1058816K
  class space    used 956K, capacity 1048K, committed 1152K, reserved 1048576K
}
Event: 2.483 GC heap before
{Heap before GC invocations=5 (full 0):
 PSYoungGen      total 51712K, used 51707K [0x00000000e1700000, 0x00000000e4d00000, 0x0000000100000000)
  eden space 48128K, 100% used [0x00000000e1700000,0x00000000e4600000,0x00000000e4600000)
  from space 3584K, 99% used [0x00000000e4980000,0x00000000e4cfeef8,0x00000000e4d00000)
  to   space 3584K, 0% used [0x00000000e4600000,0x00000000e4600000,0x00000000e4980000)
 ParOldGen       total 62976K, used 5381K [0x00000000a4400000, 0x00000000a8180000, 0x00000000e1700000)
  object space 62976K, 8% used [0x00000000a4400000,0x00000000a4941518,0x00000000a8180000)
 Metaspace       used 9441K, capacity 9600K, committed 9856K, reserved 1058816K
  class space    used 959K, capacity 1048K, committed 1152K, reserved 1048576K
Event: 2.489 GC heap after
Heap after GC invocations=5 (full 0):
 PSYoungGen      total 51712K, used 3552K [0x00000000e1700000, 0x00000000e8200000, 0x0000000100000000)
  eden space 48128K, 0% used [0x00000000e1700000,0x00000000e1700000,0x00000000e4600000)
  from space 3584K, 99% used [0x00000000e4600000,0x00000000e4978248,0x00000000e4980000)
  to   space 6656K, 0% used [0x00000000e7b80000,0x00000000e7b80000,0x00000000e8200000)
 ParOldGen       total 62976K, used 5482K [0x00000000a4400000, 0x00000000a8180000, 0x00000000e1700000)
  object space 62976K, 8% used [0x00000000a4400000,0x00000000a495a8c0,0x00000000a8180000)
 Metaspace       used 9441K, capacity 9600K, committed 9856K, reserved 1058816K
  class space    used 959K, capacity 1048K, committed 1152K, reserved 1048576K
}
Event: 2.806 GC heap before
{Heap before GC invocations=6 (full 0):
 PSYoungGen      total 51712K, used 51680K [0x00000000e1700000, 0x00000000e8200000, 0x0000000100000000)
  eden space 48128K, 100% used [0x00000000e1700000,0x00000000e4600000,0x00000000e4600000)
  from space 3584K, 99% used [0x00000000e4600000,0x00000000e4978248,0x00000000e4980000)
  to   space 6656K, 0% used [0x00000000e7b80000,0x00000000e7b80000,0x00000000e8200000)
 ParOldGen       total 62976K, used 5482K [0x00000000a4400000, 0x00000000a8180000, 0x00000000e1700000)
  object space 62976K, 8% used [0x00000000a4400000,0x00000000a495a8c0,0x00000000a8180000)
 Metaspace       used 9605K, capacity 9792K, committed 10112K, reserved 1058816K
  class space    used 962K, capacity 1048K, committed 1152K, reserved 1048576K
Event: 2.818 GC heap after
Heap after GC invocations=6 (full 0):
 PSYoungGen      total 102912K, used 4278K [0x00000000e1700000, 0x00000000e8200000, 0x0000000100000000)
  eden space 96256K, 0% used [0x00000000e1700000,0x00000000e1700000,0x00000000e7500000)
  from space 6656K, 64% used [0x00000000e7b80000,0x00000000e7fad828,0x00000000e8200000)
  to   space 6656K, 0% used [0x00000000e7500000,0x00000000e7500000,0x00000000e7b80000)
 ParOldGen       total 62976K, used 5482K [0x00000000a4400000, 0x00000000a8180000, 0x00000000e1700000)
  object space 62976K, 8% used [0x00000000a4400000,0x00000000a495a8c0,0x00000000a8180000)
 Metaspace       used 9605K, capacity 9792K, committed 10112K, reserved 1058816K
  class space    used 962K, capacity 1048K, committed 1152K, reserved 1048576K
}
Event: 3.544 GC heap before
{Heap before GC invocations=7 (full 0):
 PSYoungGen      total 102912K, used 100534K [0x00000000e1700000, 0x00000000e8200000, 0x0000000100000000)
  eden space 96256K, 100% used [0x00000000e1700000,0x00000000e7500000,0x00000000e7500000)
  from space 6656K, 64% used [0x00000000e7b80000,0x00000000e7fad828,0x00000000e8200000)
  to   space 6656K, 0% used [0x00000000e7500000,0x00000000e7500000,0x00000000e7b80000)
 ParOldGen       total 62976K, used 5482K [0x00000000a4400000, 0x00000000a8180000, 0x00000000e1700000)
  object space 62976K, 8% used [0x00000000a4400000,0x00000000a495a8c0,0x00000000a8180000)
 Metaspace       used 12827K, capacity 13054K, committed 13184K, reserved 1060864K
  class space    used 1331K, capacity 1405K, committed 1408K, reserved 1048576K
Event: 3.561 GC heap after
Heap after GC invocations=7 (full 0):
 PSYoungGen      total 102912K, used 6312K [0x00000000e1700000, 0x00000000ee100000, 0x0000000100000000)
  eden space 96256K, 0% used [0x00000000e1700000,0x00000000e1700000,0x00000000e7500000)
  from space 6656K, 94% used [0x00000000e7500000,0x00000000e7b2a130,0x00000000e7b80000)
  to   space 7168K, 0% used [0x00000000eda00000,0x00000000eda00000,0x00000000ee100000)
 ParOldGen       total 62976K, used 7103K [0x00000000a4400000, 0x00000000a8180000, 0x00000000e1700000)
  object space 62976K, 11% used [0x00000000a4400000,0x00000000a4aefeb0,0x00000000a8180000)
 Metaspace       used 12827K, capacity 13054K, committed 13184K, reserved 1060864K
  class space    used 1331K, capacity 1405K, committed 1408K, reserved 1048576K
}
Event: 4.022 GC heap before
{Heap before GC invocations=8 (full 0):
 PSYoungGen      total 102912K, used 102568K [0x00000000e1700000, 0x00000000ee100000, 0x0000000100000000)
  eden space 96256K, 100% used [0x00000000e1700000,0x00000000e7500000,0x00000000e7500000)
  from space 6656K, 94% used [0x00000000e7500000,0x00000000e7b2a130,0x00000000e7b80000)
  to   space 7168K, 0% used [0x00000000eda00000,0x00000000eda00000,0x00000000ee100000)
 ParOldGen       total 62976K, used 7103K [0x00000000a4400000, 0x00000000a8180000, 0x00000000e1700000)
  object space 62976K, 11% used [0x00000000a4400000,0x00000000a4aefeb0,0x00000000a8180000)
 Metaspace       used 15030K, capacity 15198K, committed 15488K, reserved 1062912K
  class space    used 1736K, capacity 1821K, committed 1920K, reserved 1048576K
Event: 4.028 GC heap after
Heap after GC invocations=8 (full 0):
 PSYoungGen      total 199680K, used 5794K [0x00000000e1700000, 0x00000000ee100000, 0x0000000100000000)
  eden space 192512K, 0% used [0x00000000e1700000,0x00000000e1700000,0x00000000ed300000)
  from space 7168K, 80% used [0x00000000eda00000,0x00000000edfa8850,0x00000000ee100000)
  to   space 7168K, 0% used [0x00000000ed300000,0x00000000ed300000,0x00000000eda00000)
 ParOldGen       total 62976K, used 8182K [0x00000000a4400000, 0x00000000a8180000, 0x00000000e1700000)
  object space 62976K, 12% used [0x00000000a4400000,0x00000000a4bfd9a8,0x00000000a8180000)
 Metaspace       used 15030K, capacity 15198K, committed 15488K, reserved 1062912K
  class space    used 1736K, capacity 1821K, committed 1920K, reserved 1048576K
}
Event: 4.800 GC heap before
{Heap before GC invocations=9 (full 0):
 PSYoungGen      total 199680K, used 198306K [0x00000000e1700000, 0x00000000ee100000, 0x0000000100000000)
  eden space 192512K, 100% used [0x00000000e1700000,0x00000000ed300000,0x00000000ed300000)
  from space 7168K, 80% used [0x00000000eda00000,0x00000000edfa8850,0x00000000ee100000)
  to   space 7168K, 0% used [0x00000000ed300000,0x00000000ed300000,0x00000000eda00000)
 ParOldGen       total 62976K, used 8182K [0x00000000a4400000, 0x00000000a8180000, 0x00000000e1700000)
  object space 62976K, 12% used [0x00000000a4400000,0x00000000a4bfd9a8,0x00000000a8180000)
 Metaspace       used 19004K, capacity 19254K, committed 19584K, reserved 1067008K
  class space    used 2565K, capacity 2641K, committed 2688K, reserved 1048576K

Deoptimization events (10 events):
Event: 4.685 Thread 0x00007f3964013800 Uncommon trap: reason=class_check action=maybe_recompile pc=0x00007f395569d240 method=net.bytebuddy.description.type.TypeList$Generic$AbstractBase.asErasures()Lnet/bytebuddy/description/type/TypeList; @ 5
Event: 4.689 Thread 0x00007f3964013800 Uncommon trap: reason=bimorphic action=maybe_recompile pc=0x00007f3955656074 method=net.bytebuddy.description.type.TypeList$Generic$Explicit.size()I @ 4
Event: 4.701 Thread 0x00007f3964013800 Uncommon trap: reason=unstable_if action=reinterpret pc=0x00007f39554a9f0c method=java.util.HashMap$HashIterator.<init>(Ljava/util/HashMap;)V @ 45
Event: 4.702 Thread 0x00007f3964013800 Uncommon trap: reason=class_check action=maybe_recompile pc=0x00007f395569d240 method=net.bytebuddy.description.type.TypeList$Generic$AbstractBase.asErasures()Lnet/bytebuddy/description/type/TypeList; @ 5
Event: 4.727 Thread 0x00007f3964013800 Uncommon trap: reason=class_check action=maybe_recompile pc=0x00007f39555d0218 method=java.util.ArrayList.<init>(Ljava/util/Collection;)V @ 6
Event: 4.728 Thread 0x00007f3964013800 Uncommon trap: reason=unstable_if action=reinterpret pc=0x00007f39554a6154 method=java.util.HashMap$HashIterator.<init>(Ljava/util/HashMap;)V @ 45
Event: 4.729 Thread 0x00007f3964013800 Uncommon trap: reason=class_check action=maybe_recompile pc=0x00007f395569d240 method=net.bytebuddy.description.type.TypeList$Generic$AbstractBase.asErasures()Lnet/bytebuddy/description/type/TypeList; @ 5
Event: 4.730 Thread 0x00007f3964013800 Uncommon trap: reason=unstable_if action=reinterpret pc=0x00007f3955609bcc method=java.lang.reflect.Method.invoke(Ljava/lang/Object;[Ljava/lang/Object;)Ljava/lang/Object; @ 45
Event: 4.730 Thread 0x00007f3964013800 Uncommon trap: reason=bimorphic action=maybe_recompile pc=0x00007f3955656074 method=net.bytebuddy.description.type.TypeList$Generic$Explicit.size()I @ 4
Event: 4.760 Thread 0x00007f3964013800 Uncommon trap: reason=class_check action=maybe_recompile pc=0x00007f39555d0218 method=java.util.ArrayList.<init>(Ljava/util/Collection;)V @ 6

Classes redefined (0 events):
No events

Internal exceptions (10 events):
Event: 1.375 Thread 0x00007f3964013800 Exception <a 'java/lang/NoSuchFieldError': method resolution failed> (0x00000000e186a190) thrown at [/usr/local/google/buildbot/src/googleplex-android/openjdk/out/hotspot/src/share/vm/prims/methodHandles.cpp, line 1167]
Event: 3.575 Thread 0x00007f3964013800 Exception <a 'java/lang/ClassNotFoundException': org/powermock/configuration/MockitoConfigurationBeanInfo> (0x00000000e1a11380) thrown at [/usr/local/google/buildbot/src/googleplex-android/openjdk/out/hotspot/src/share/vm/classfile/systemDictionary.cpp, l
Event: 3.575 Thread 0x00007f3964013800 Exception <a 'java/lang/ClassNotFoundException': org/powermock/configuration/MockitoConfigurationCustomizer> (0x00000000e1a44ad8) thrown at [/usr/local/google/buildbot/src/googleplex-android/openjdk/out/hotspot/src/share/vm/classfile/systemDictionary.cpp,
Event: 3.575 Thread 0x00007f3964013800 Exception <a 'java/lang/ArrayIndexOutOfBoundsException'> (0x00000000e1a46d58) thrown at [/usr/local/google/buildbot/src/googleplex-android/openjdk/out/hotspot/src/share/vm/runtime/sharedRuntime.cpp, line 605]
Event: 3.584 Thread 0x00007f3964013800 Exception <a 'java/lang/ClassNotFoundException': org/powermock/configuration/PowerMockConfigurationBeanInfo> (0x00000000e1c26250) thrown at [/usr/local/google/buildbot/src/googleplex-android/openjdk/out/hotspot/src/share/vm/classfile/systemDictionary.cpp,
Event: 3.585 Thread 0x00007f3964013800 Exception <a 'java/lang/ClassNotFoundException': org/powermock/configuration/PowerMockConfigurationCustomizer> (0x00000000e1c5b4a0) thrown at [/usr/local/google/buildbot/src/googleplex-android/openjdk/out/hotspot/src/share/vm/classfile/systemDictionary.cp
Event: 3.585 Thread 0x00007f3964013800 Exception <a 'java/lang/ArrayIndexOutOfBoundsException'> (0x00000000e1c5d4f8) thrown at [/usr/local/google/buildbot/src/googleplex-android/openjdk/out/hotspot/src/share/vm/runtime/sharedRuntime.cpp, line 605]
Event: 4.340 Thread 0x00007f3964013800 Exception <a 'java/lang/ArrayIndexOutOfBoundsException': 22> (0x00000000e6dc1f58) thrown at [/usr/local/google/buildbot/src/googleplex-android/openjdk/out/hotspot/src/share/vm/interpreter/interpreterRuntime.cpp, line 368]
Event: 4.340 Thread 0x00007f3964013800 Exception <a 'java/lang/ArrayIndexOutOfBoundsException': 160> (0x00000000e6dc98b0) thrown at [/usr/local/google/buildbot/src/googleplex-android/openjdk/out/hotspot/src/share/vm/interpreter/interpreterRuntime.cpp, line 368]
Event: 4.730 Thread 0x00007f3964013800 Implicit null exception at 0x00007f3955609a0d to 0x00007f3955609bbd

Events (10 events):
Event: 4.796 loading class net/bytebuddy/description/method/ParameterDescription$Token$TypeList done
Event: 4.797 loading class net/bytebuddy/dynamic/DynamicType$Builder$AbstractBase$Adapter$MethodDefinitionAdapter$SimpleParameterAnnotationAdapter
Event: 4.797 loading class net/bytebuddy/dynamic/DynamicType$Builder$AbstractBase$Adapter$MethodDefinitionAdapter$SimpleParameterAnnotationAdapter done
Event: 4.797 loading class net/bytebuddy/dynamic/DynamicType$Builder$MethodDefinition$ParameterDefinition$Simple$Annotatable$AbstractBase$Adapter
Event: 4.797 loading class net/bytebuddy/dynamic/DynamicType$Builder$MethodDefinition$ParameterDefinition$Simple$Annotatable$AbstractBase$Adapter done
Event: 4.797 loading class net/bytebuddy/dynamic/DynamicType$Builder$MethodDefinition$ParameterDefinition$Simple$Annotatable$AbstractBase
Event: 4.797 loading class net/bytebuddy/dynamic/DynamicType$Builder$MethodDefinition$ParameterDefinition$Simple$Annotatable$AbstractBase done
Event: 4.797 loading class net/bytebuddy/dynamic/DynamicType$Builder$MethodDefinition$ParameterDefinition$Simple$AbstractBase
Event: 4.797 loading class net/bytebuddy/dynamic/DynamicType$Builder$MethodDefinition$ParameterDefinition$Simple$AbstractBase done
Event: 4.800 Executing VM operation: ParallelGCFailedAllocation


Dynamic libraries:
00400000-00401000 r-xp 00000000 08:02 5375658                            /home/grayce/Downloads/android-studio/jre/bin/java
00401000-00402000 rw-p 00000000 08:02 5375658                            /home/grayce/Downloads/android-studio/jre/bin/java
0099a000-009bb000 rw-p 00000000 00:00 0                                  [heap]
a4400000-a8180000 rw-p 00000000 00:00 0 
a8180000-e1700000 ---p 00000000 00:00 0 
e1700000-ee100000 rw-p 00000000 00:00 0 
f5500000-100000000 ---p 00000000 00:00 0 
100000000-1002a0000 rw-p 00000000 00:00 0 
1002a0000-140000000 ---p 00000000 00:00 0 
7f390c000000-7f390c021000 rw-p 00000000 00:00 0 
7f390c021000-7f3910000000 ---p 00000000 00:00 0 
7f3910000000-7f3910021000 rw-p 00000000 00:00 0 
7f3910021000-7f3914000000 ---p 00000000 00:00 0 
7f3914000000-7f3914021000 rw-p 00000000 00:00 0 
7f3914021000-7f3918000000 ---p 00000000 00:00 0 
7f3918000000-7f3918844000 rw-p 00000000 00:00 0 
7f3918844000-7f391c000000 ---p 00000000 00:00 0 
7f391cfff000-7f3920000000 rw-p 00000000 00:00 0 
7f3920000000-7f3921bd7000 rw-p 00000000 00:00 0 
7f3921bd7000-7f3924000000 ---p 00000000 00:00 0 
7f3924000000-7f39255bd000 rw-p 00000000 00:00 0 
7f39255bd000-7f3928000000 ---p 00000000 00:00 0 
7f3928000000-7f3928021000 rw-p 00000000 00:00 0 
7f3928021000-7f392c000000 ---p 00000000 00:00 0 
7f392c000000-7f392c029000 rw-p 00000000 00:00 0 
7f392c029000-7f3930000000 ---p 00000000 00:00 0 
7f3930000000-7f3930021000 rw-p 00000000 00:00 0 
7f3930021000-7f3934000000 ---p 00000000 00:00 0 
7f3934000000-7f3934021000 rw-p 00000000 00:00 0 
7f3934021000-7f3938000000 ---p 00000000 00:00 0 
7f3938000000-7f3938021000 rw-p 00000000 00:00 0 
7f3938021000-7f393c000000 ---p 00000000 00:00 0 
7f393c000000-7f393c2d1000 rw-p 00000000 00:00 0 
7f393c2d1000-7f3940000000 ---p 00000000 00:00 0 
7f3940000000-7f3940021000 rw-p 00000000 00:00 0 
7f3940021000-7f3944000000 ---p 00000000 00:00 0 
7f3945e8e000-7f3945f0e000 rw-p 00000000 00:00 0 
7f3945f0e000-7f394608e000 ---p 00000000 00:00 0 
7f394608e000-7f394628e000 rw-p 00000000 00:00 0 
7f3946377000-7f3946577000 rw-p 00000000 00:00 0 
7f3946577000-7f3946777000 rw-p 00000000 00:00 0 
7f3946777000-7f3946977000 rw-p 00000000 00:00 0 
7f3946977000-7f394697a000 ---p 00000000 00:00 0 
7f394697a000-7f3946a78000 rw-p 00000000 00:00 0 
7f3946a78000-7f3946a8b000 r--s 00345000 08:02 5375775                    /home/grayce/Downloads/android-studio/jre/jre/lib/resources.jar
7f3946a8b000-7f3946ac4000 r--s 001e2000 08:02 12191948                   /home/grayce/AndroidStudioProjects/Android-CandyCodedApplication/app/build/generated/mockable-android-25.default-values.v3.jar
7f3946ac4000-7f3946ada000 r--s 000a7000 08:02 6293326                    /home/grayce/.gradle/caches/transforms-1/files-1.1/support-compat-25.3.0.aar/5c15cb00ca09f63865ed6170edd9a22a/jars/classes.jar
7f3946ada000-7f3946adf000 r--s 0003c000 08:02 6162389                    /home/grayce/.gradle/caches/transforms-1/files-1.1/support-core-ui-25.3.0.aar/09fb1997df45759f52282592fa0b8c71/jars/classes.jar
7f3946adf000-7f3946ae2000 r--s 00017000 08:02 5904122                    /home/grayce/.gradle/caches/transforms-1/files-1.1/support-core-utils-25.3.0.aar/b20cd6b6c50e27fd69ce35bc00faaabe/jars/classes.jar
7f3946ae2000-7f3946aea000 r--s 00047000 08:02 6031457                    /home/grayce/.gradle/caches/transforms-1/files-1.1/support-media-compat-25.3.0.aar/fc89f5875f4b013c96a46798cb3d1a2f/jars/classes.jar
7f3946aea000-7f3946aed000 r--s 00026000 08:02 5904109                    /home/grayce/.gradle/caches/transforms-1/files-1.1/support-fragment-25.3.0.aar/1a378ccf3fcaf0c3937305e9edc30a02/jars/classes.jar
7f3946aed000-7f3946aee000 r--s 00000000 08:02 5774274                    /home/grayce/.gradle/caches/transforms-1/files-1.1/support-v4-25.3.0.aar/e9215982406dddc8deba6beb46b176a7/jars/classes.jar
7f3946aee000-7f3946aef000 r--s 00009000 08:02 5381265                    /home/grayce/.gradle/caches/transforms-1/files-1.1/support-vector-drawable-25.3.0.aar/efc7a149c589d9b1dc6ae2eb2afe6c69/jars/classes.jar
7f3946aef000-7f3946af0000 r--s 00003000 08:02 5381257                    /home/grayce/.gradle/caches/transforms-1/files-1.1/animated-vector-drawable-25.3.0.aar/44b3a95cb974a260fee5039eb7444c36/jars/classes.jar
7f3946af0000-7f3946af1000 r--s 00008000 08:02 5245251                    /home/grayce/.gradle/caches/transforms-1/files-1.1/constraint-layout-1.0.2.aar/8398caa997fbb1af9b6c7059c1b7e20f/jars/classes.jar
7f3946af1000-7f3946afc000 r--s 0009f000 08:02 5507371                    /home/grayce/.gradle/caches/transforms-1/files-1.1/appcompat-v7-25.3.0.aar/020a90b65147025fdeb04952a4bc7fbe/jars/classes.jar
7f3946afc000-7f3946b12000 r--s 000ee000 08:02 5513421                    /home/grayce/.gradle/caches/modules-2/files-2.1/cz.msebera.android/httpclient/4.3.6/526a9f794eab830eae4f23a62c572878b3f491ab/httpclient-4.3.6.jar
7f3946b12000-7f3946b14000 r--s 00016000 08:02 5507366                    /home/grayce/.gradle/caches/modules-2/files-2.1/com.android.support.constraint/constraint-layout-solver/1.0.2/b9cd8fc6bd15cb915735d34535db30ece0c44603/constraint-layout-solver-1.0.2.jar
7f3946b14000-7f3946b16000 r--s 00004000 08:02 5513420                    /home/grayce/.gradle/caches/modules-2/files-2.1/com.android.support/support-annotations/25.3.0/dd84903d2e1af25a6081ef9038ad863cb14ca3a0/support-annotations-25.3.0.jar
7f3946b16000-7f3946b19000 r--s 0001b000 08:02 5507354                    /home/grayce/.gradle/caches/modules-2/files-2.1/com.squareup.picasso/picasso/2.5.2/7446d06ec8d4f7ffcc53f1da37c95f200dcb9387/picasso-2.5.2.jar
7f3946b19000-7f3946b1e000 r--s 00034000 08:02 5505484                    /home/grayce/.gradle/caches/modules-2/files-2.1/com.google.code.gson/gson/2.8.0/c4ba5371a29ac9b2ad6129b1d39ea38750043eff/gson-2.8.0.jar
7f3946b1e000-7f3946b20000 r--s 00018000 08:02 5507356                    /home/grayce/.gradle/caches/modules-2/files-2.1/com.loopj.android/android-async-http/1.4.9/386a4339ffe52d5d63e80f9bed8d2b1d1a418249/android-async-http-1.4.9.jar
7f3946b20000-7f3946b23000 r--s 00019000 08:02 5513588                    /home/grayce/.gradle/caches/modules-2/files-2.1/nekohtml/nekohtml/1.9.6.2/2d960be7b62ae6622dbbbe49ab4ffdc609f85c80/nekohtml-1.9.6.2.jar
7f3946b23000-7f3946b25000 r--s 00008000 08:02 5513587                    /home/grayce/.gradle/caches/modules-2/files-2.1/nekohtml/xercesMinimal/1.9.6.2/d1c5e063683a0e6f77cd5f051a9d4af48346fa6/xercesMinimal-1.9.6.2.jar
7f3946b25000-7f3946b2d000 r--s 00049000 08:02 5513586                    /home/grayce/.gradle/caches/modules-2/files-2.1/backport-util-concurrent/backport-util-concurrent/3.1/682f7ac17fed79e92f8e87d8455192b63376347b/backport-util-concurrent-3.1.jar
7f3946b2d000-7f3946b35000 r--s 0008a000 08:02 5513585                    /home/grayce/.gradle/caches/modules-2/files-2.1/com.google.protobuf/protobuf-java/2.6.1/d9521f2aecb909835746b7a5facf612af5e890e8/protobuf-java-2.6.1.jar
7f3946b35000-7f3946b37000 r--s 0000b000 08:02 5513583                    /home/grayce/.gradle/caches/modules-2/files-2.1/org.codehaus.plexus/plexus-interpolation/1.11/ad9dddff6043194904ad1d2c00ff1d003c3915f7/plexus-interpolation-1.11.jar
7f3946b37000-7f3946b3b000 r--s 00034000 08:02 5513584                    /home/grayce/.gradle/caches/modules-2/files-2.1/org.codehaus.plexus/plexus-utils/1.5.15/c689598ce1eb94c304817877ed15911099972526/plexus-utils-1.5.15.jar
7f3946b3b000-7f3946b3d000 r--s 00005000 08:02 5513582                    /home/grayce/.gradle/caches/modules-2/files-2.1/org.apache.maven/maven-repository-metadata/2.2.1/98f0c07fcf1eeb213bef8d9316a9935184084b06/maven-repository-metadata-2.2.1.jar
7f3946b3d000-7f3946b3f000 r--s 0000b000 08:02 5513581                    /home/grayce/.gradle/caches/modules-2/files-2.1/org.apache.maven.wagon/wagon-provider-api/1.0-beta-6/3f952e0282ae77ae59851d96bb18015e520b6208/wagon-provider-api-1.0-beta-6.jar
7f3946b3f000-7f3946b41000 r--s 00005000 08:02 5513580                    /home/grayce/.gradle/caches/modules-2/files-2.1/org.apache.maven.wagon/wagon-http-shared/1.0-beta-6/ccd70d7e0d8c085e648a83f072da06ca9a53be94/wagon-http-shared-1.0-beta-6.jar
7f3946b41000-7f3946b42000 r--s 00003000 08:02 5513579                    /home/grayce/.gradle/caches/modules-2/files-2.1/org.apache.maven.wagon/wagon-http-lightweight/1.0-beta-6/b3815078570c3b1f0667e123d59717c6b726c6c2/wagon-http-lightweight-1.0-beta-6.jar
7f3946b42000-7f3946b44000 r--s 00014000 08:02 5513577                    /home/grayce/.gradle/caches/modules-2/files-2.1/org.apache.maven/maven-model/2.2.1/c0a1c17436ec3ff5a56207c031d82277b4250a29/maven-model-2.2.1.jar
7f3946b44000-7f3946b47000 r--s 00011000 08:02 5513576                    /home/grayce/.gradle/caches/modules-2/files-2.1/org.apache.maven/maven-artifact/2.2.1/23600f790d4dab2cb965419eaa982e3e84c428f8/maven-artifact-2.2.1.jar
7f3946b47000-7f3946b49000 r--s 00008000 08:02 5513575                    /home/grayce/.gradle/caches/modules-2/files-2.1/classworlds/classworlds/1.1-alpha-2/5adf2e681c57d7f48038b602f3ca2254ee82d47/classworlds-1.1-alpha-2.jar
7f3946b49000-7f3946b50000 r--s 00029000 08:02 5513574                    /home/grayce/.gradle/caches/modules-2/files-2.1/org.codehaus.plexus/plexus-container-default/1.0-alpha-9-stable-1/94aea3010e250a334d9dab7f591114cd6c767458/plexus-container-default-1.0-alpha-9-stable-1.jar
7f3946b50000-7f3946b52000 r--s 00006000 08:02 5513573                    /home/grayce/.gradle/caches/modules-2/files-2.1/org.apache.maven/maven-plugin-registry/2.2.1/72a24b7775649af78f3986b5aa7eb354b9674cfd/maven-plugin-registry-2.2.1.jar
7f3946b52000-7f3946ba9000 r--s 008ec000 08:02 5513567                    /home/grayce/.gradle/caches/modules-2/files-2.1/com.ibm.icu/icu4j/53.1/786d9055d4ca8c1aab4a7d4ac8283f973fd7e41f/icu4j-53.1.jar
7f3946ba9000-7f3946bbd000 r--s 000dc000 08:02 5513563                    /home/grayce/.gradle/caches/modules-2/files-2.1/org.assertj/assertj-core/2.6.0/b532c3fc4f66bcfee4989a3514f1cd56203a33ad/assertj-core-2.6.0.jar
7f3946bbd000-7f3946bec000 r--s 00226000 08:02 5513558                    /home/grayce/.gradle/caches/modules-2/files-2.1/com.google.guava/guava/20.0/89507701249388e1ed5ddcf8c41f4ce1be7831ef/guava-20.0.jar
7f3946bec000-7f3946bed000 ---p 00000000 00:00 0 
7f3946bed000-7f3946ced000 rw-p 00000000 00:00 0 
7f3946ced000-7f3946cf0000 ---p 00000000 00:00 0 
7f3946cf0000-7f3946dee000 rw-p 00000000 00:00 0 
7f3946dee000-7f3946df1000 ---p 00000000 00:00 0 
7f3946df1000-7f3946eef000 rw-p 00000000 00:00 0 
7f3946eef000-7f3946ef2000 ---p 00000000 00:00 0 
7f3946ef2000-7f3946ff0000 rw-p 00000000 00:00 0 
7f3946ff0000-7f3946ff3000 ---p 00000000 00:00 0 
7f3946ff3000-7f39470f1000 rw-p 00000000 00:00 0 
7f39470f1000-7f39470f4000 ---p 00000000 00:00 0 
7f39470f4000-7f39471f2000 rw-p 00000000 00:00 0 
7f39471f2000-7f39471f5000 ---p 00000000 00:00 0 
7f39471f5000-7f39472f3000 rw-p 00000000 00:00 0 
7f39472f3000-7f39472f6000 ---p 00000000 00:00 0 
7f39472f6000-7f39473f4000 rw-p 00000000 00:00 0 
7f39473f4000-7f39473f7000 ---p 00000000 00:00 0 
7f39473f7000-7f39474f5000 rw-p 00000000 00:00 0 
7f39474f5000-7f39474f6000 ---p 00000000 00:00 0 
7f39474f6000-7f3948000000 rw-p 00000000 00:00 0 
7f3948000000-7f3948021000 rw-p 00000000 00:00 0 
7f3948021000-7f394c000000 ---p 00000000 00:00 0 
7f394c000000-7f394c001000 r--s 00002000 08:02 5513578                    /home/grayce/.gradle/caches/modules-2/files-2.1/org.apache.maven.wagon/wagon-file/1.0-beta-6/6c53633505460caf49d2660de1e24744d915afb9/wagon-file-1.0-beta-6.jar
7f394c001000-7f394c003000 r--s 00007000 08:02 5513572                    /home/grayce/.gradle/caches/modules-2/files-2.1/org.apache.maven/maven-profile/2.2.1/3950071587027e5086e9c395574a60650c432738/maven-profile-2.2.1.jar
7f394c003000-7f394c004000 r--s 0000b000 08:02 5513571                    /home/grayce/.gradle/caches/modules-2/files-2.1/org.apache.maven/maven-settings/2.2.1/2236ffe71fa5f78ce42b0f5fc22c54ed45f14294/maven-settings-2.2.1.jar
7f394c004000-7f394c006000 r--s 00002000 08:02 5513570                    /home/grayce/.gradle/caches/modules-2/files-2.1/org.apache.maven/maven-error-diagnostics/2.2.1/e81bb342d7d172f23d108dc8fa979a1facdcde8e/maven-error-diagnostics-2.2.1.jar
7f394c006000-7f394c008000 r--s 0000f000 08:02 5513569                    /home/grayce/.gradle/caches/modules-2/files-2.1/org.apache.maven/maven-artifact-manager/2.2.1/ec355b913c34d37080810f98e3f51abecbe1572b/maven-artifact-manager-2.2.1.jar
7f394c008000-7f394c00c000 r--s 00023000 08:02 5513568                    /home/grayce/.gradle/caches/modules-2/files-2.1/org.apache.maven/maven-project/2.2.1/8239e98c16f641d55a4ad0e0bab0aee3aff8933f/maven-project-2.2.1.jar
7f394c00c000-7f394c00d000 r--s 00002000 08:02 5513566                    /home/grayce/.gradle/caches/modules-2/files-2.1/org.apache.ant/ant-launcher/1.8.0/8b53ba16fa62fb1034da8f1de200ddc407c8381/ant-launcher-1.8.0.jar
7f394c00d000-7f394c00f000 r--s 00005000 08:02 5513565                    /home/grayce/.gradle/caches/modules-2/files-2.1/xpp3/xpp3_min/1.1.4c/19d4e90b43059058f6e056f794f0ea4030d60b86/xpp3_min-1.1.4c.jar
7f394c00f000-7f394c010000 r--s 00001000 08:02 5513564                    /home/grayce/.gradle/caches/modules-2/files-2.1/xmlpull/xmlpull/1.1.3.1/2b8e230d2ab644e4ecaa94db7cdedbc40c805dfa/xmlpull-1.1.3.1.jar
7f394c010000-7f394c013000 r--s 0001d000 08:02 5513562                    /home/grayce/.gradle/caches/modules-2/files-2.1/com.almworks.sqlite4java/sqlite4java/0.282/745a7e2f35fdbe6336922e0d492c979dbbfa74fb/sqlite4java-0.282.jar
7f394c013000-7f394c015000 r--s 00006000 08:02 5513560                    /home/grayce/.gradle/caches/modules-2/files-2.1/org.ow2.asm/asm-tree/5.0.1/1b1e6e9d869acd704056d0a4223071a511c619e6/asm-tree-5.0.1.jar
7f394c015000-7f394c017000 r--s 00009000 08:02 5513559                    /home/grayce/.gradle/caches/modules-2/files-2.1/org.ow2.asm/asm-commons/5.0.1/7b7147a390a93a14d2edfdcf3f7b0e87a0939c3e/asm-commons-5.0.1.jar
7f394c017000-7f394c019000 r--s 00003000 08:02 5513557                    /home/grayce/.gradle/caches/modules-2/files-2.1/org.robolectric/shadow-api/3.3.2/b27c499e077a842330aca3f76615af8bff0fab29/shadow-api-3.3.2.jar
7f394c019000-7f394c054000 r--s 00270000 08:02 5513554                    /home/grayce/.gradle/caches/modules-2/files-2.1/net.bytebuddy/byte-buddy/1.6.14/871c3e49dc6183d0d361601c2f1d11abb1a6b48c/byte-buddy-1.6.14.jar
7f394c054000-7f394c06b000 r--s 00159000 08:02 5513553                    /home/grayce/.gradle/caches/modules-2/files-2.1/org.apache.ant/ant/1.8.0/7b456ca6b93900f96e58cc8371f03d90a9c1c8d1/ant-1.8.0.jar
7f394c06b000-7f394c570000 rw-p 00000000 00:00 0 
7f394c570000-7f394c742000 r--s 03cad000 08:02 5375788                    /home/grayce/Downloads/android-studio/jre/jre/lib/rt.jar
7f394c742000-7f3950000000 rw-p 00000000 00:00 0 
7f3950000000-7f3950021000 rw-p 00000000 00:00 0 
7f3950021000-7f3954000000 ---p 00000000 00:00 0 
7f3954000000-7f3954001000 r--s 0000c000 08:02 5513561                    /home/grayce/.gradle/caches/modules-2/files-2.1/org.ow2.asm/asm/5.0.1/2fd56467a018aafe6ec6a73ccba520be4a7e1565/asm-5.0.1.jar
7f3954001000-7f3954004000 r--s 0000b000 08:02 5513556                    /home/grayce/.gradle/caches/modules-2/files-2.1/org.objenesis/objenesis/2.5/612ecb799912ccf77cba9b3ed8c813da086076e9/objenesis-2.5.jar
7f3954004000-7f3954006000 r--s 00009000 08:02 5513555                    /home/grayce/.gradle/caches/modules-2/files-2.1/net.bytebuddy/byte-buddy-agent/1.6.14/ba1e5ba3a84fb2fbf2f4de9138df19665eec4d59/byte-buddy-agent-1.6.14.jar
7f3954006000-7f395401f000 r--s 00129000 08:02 5513552                    /home/grayce/.gradle/caches/modules-2/files-2.1/org.apache.maven/maven-ant-tasks/2.1.3/b09be554228d66d208e5fef5266844aacf443abc/maven-ant-tasks-2.1.3.jar
7f395401f000-7f395402c000 r--s 00077000 08:02 5513551                    /home/grayce/.gradle/caches/modules-2/files-2.1/com.thoughtworks.xstream/xstream/1.4.8/520d90f30f36a0d6ba2dc929d980831631ad6a92/xstream-1.4.8.jar
7f395402c000-7f3954054000 r--s 001a3000 08:02 5513550                    /home/grayce/.gradle/caches/modules-2/files-2.1/org.bouncycastle/bcprov-jdk16/1.46/ce091790943599535cbb4de8ede84535b0c1260c/bcprov-jdk16-1.46.jar
7f3954054000-7f3954055000 r--s 00003000 08:02 5513549                    /home/grayce/.gradle/caches/modules-2/files-2.1/org.robolectric/robolectric-annotations/3.3.2/9aabda1b5c03c0077e0224058a444c23bc1162ac/robolectric-annotations-3.3.2.jar
7f3954055000-7f3954056000 r--s 00005000 08:02 5513548                    /home/grayce/.gradle/caches/modules-2/files-2.1/org.robolectric/robolectric-utils/3.3.2/c94200e8e1176caa63ff46ff6f2870990f5642cc/robolectric-utils-3.3.2.jar
7f3954056000-7f3954058000 r--s 00014000 08:02 5513547                    /home/grayce/.gradle/caches/modules-2/files-2.1/org.robolectric/robolectric-sandbox/3.3.2/4d968978679b572e5993b3eea35cae88268f44ee/robolectric-sandbox-3.3.2.jar
7f3954058000-7f395405b000 r--s 00019000 08:02 5513546                    /home/grayce/.gradle/caches/modules-2/files-2.1/org.robolectric/robolectric-resources/3.3.2/b1a0ccac05e19a5fa2b21d462375c7603e2203b/robolectric-resources-3.3.2.jar
7f395405b000-7f3954065000 r--s 000aa000 08:02 5513545                    /home/grayce/.gradle/caches/modules-2/files-2.1/org.javassist/javassist/3.21.0-GA/598244f595db5c5fb713731eddbb1c91a58d959b/javassist-3.21.0-GA.jar
7f3954065000-7f3954074000 r--s 00073000 08:02 5513540                    /home/grayce/.gradle/caches/modules-2/files-2.1/org.mockito/mockito-core/2.8.9/1afb35b2d77d40567756c379e54c18da3574a96e/mockito-core-2.8.9.jar
7f3954074000-7f3954079000 r--s 00022000 08:02 5513542                    /home/grayce/.gradle/caches/modules-2/files-2.1/com.google.android.apps.common.testing.accessibility.framework/accessibility-test-framework/2.1/c2d6267c3ad0435ddf9e27a94a0e0af4ca3fdfbb/accessibility-test-framework-2.1.jar
7f3954079000-7f3954087000 r--s 00299000 08:02 5513541                    /home/grayce/.gradle/caches/modules-2/files-2.1/org.robolectric/shadows-core/3.3.2/3d20e0784abd5d6ccf58eeb82da908ecbf7bffd9/shadows-core-3.3.2.jar
7f3954087000-7f395408b000 r--s 00025000 08:02 5513538                    /home/grayce/.gradle/caches/modules-2/files-2.1/org.robolectric/robolectric/3.3.2/90022fc9ad52c44d0c2a13b8371e9a3624357ba8/robolectric-3.3.2.jar
7f395408b000-7f3954090000 r--s 0001f000 08:02 5513537                    /home/grayce/.gradle/caches/modules-2/files-2.1/org.powermock/powermock-core/1.7.1/590d998f70a97c66d32ff5f1f040f308decbdd0c/powermock-core-1.7.1.jar
7f3954090000-7f3954161000 rw-p 00000000 00:00 0 
7f3954161000-7f3954162000 ---p 00000000 00:00 0 
7f3954162000-7f3954262000 rw-p 00000000 00:00 0 
7f3954262000-7f3954263000 ---p 00000000 00:00 0 
7f3954263000-7f3954363000 rw-p 00000000 00:00 0 
7f3954363000-7f3954364000 ---p 00000000 00:00 0 
7f3954364000-7f3954464000 rw-p 00000000 00:00 0 
7f3954464000-7f3954465000 ---p 00000000 00:00 0 
7f3954465000-7f3954584000 rw-p 00000000 00:00 0 
7f3954584000-7f395474f000 ---p 00000000 00:00 0 
7f395474f000-7f395476e000 rw-p 00000000 00:00 0 
7f395476e000-7f3954938000 ---p 00000000 00:00 0 
7f3954938000-7f395499e000 rw-p 00000000 00:00 0 
7f395499e000-7f3954a2d000 ---p 00000000 00:00 0 
7f3954a2d000-7f3954a52000 rw-p 00000000 00:00 0 
7f3954a52000-7f3954dee000 ---p 00000000 00:00 0 
7f3954dee000-7f39556ce000 rwxp 00000000 00:00 0 
7f39556ce000-7f3963dee000 ---p 00000000 00:00 0 
7f3963dee000-7f3963df8000 r-xp 00000000 08:02 25959678                   /usr/lib/x86_64-linux-gnu/libnss_files-2.24.so
7f3963df8000-7f3963ff8000 ---p 0000a000 08:02 25959678                   /usr/lib/x86_64-linux-gnu/libnss_files-2.24.so
7f3963ff8000-7f3963ff9000 r--p 0000a000 08:02 25959678                   /usr/lib/x86_64-linux-gnu/libnss_files-2.24.so
7f3963ff9000-7f3963ffa000 rw-p 0000b000 08:02 25959678                   /usr/lib/x86_64-linux-gnu/libnss_files-2.24.so
7f3963ffa000-7f3964000000 rw-p 00000000 00:00 0 
7f3964000000-7f3964ce5000 rw-p 00000000 00:00 0 
7f3964ce5000-7f3968000000 ---p 00000000 00:00 0 
7f3968000000-7f3968001000 r--s 00002000 08:02 5513544                    /home/grayce/.gradle/caches/modules-2/files-2.1/org.robolectric/robolectric-junit/3.3.2/fd1cb1d27d125c0826feddfcd00653f2f16e458d/robolectric-junit-3.3.2.jar
7f3968001000-7f3968003000 r--s 0000e000 08:02 5513543                    /home/grayce/.gradle/caches/modules-2/files-2.1/org.powermock/powermock-reflect/1.7.1/258686cb36f6f7687017b4009d6b1267f989f66/powermock-reflect-1.7.1.jar
7f3968003000-7f3968005000 r--s 00004000 08:02 5513536                    /home/grayce/.gradle/caches/modules-2/files-2.1/org.powermock/powermock-api-support/1.7.1/366af3d58861e3754d12c8504a76642900786d8d/powermock-api-support-1.7.1.jar
7f3968005000-7f3968007000 r--s 00007000 08:02 5513535                    /home/grayce/.gradle/caches/modules-2/files-2.1/org.powermock/powermock-api-mockito-common/1.7.1/bca2184da31c19799cf79e8567d86c5427bbdf3d/powermock-api-mockito-common-1.7.1.jar
7f3968007000-7f396800a000 r--s 0000c000 08:02 5513533                    /home/grayce/.gradle/caches/modules-2/files-2.1/org.powermock/powermock-api-mockito2/1.7.1/957158530a6e4552fa3addc979d62dcf3e1b1c74/powermock-api-mockito2-1.7.1.jar
7f396800a000-7f3968010000 r--s 00066000 08:02 5513539                    /home/grayce/.gradle/caches/modules-2/files-2.1/com.github.javaparser/javaparser-core/3.0.1/49c49fe9c0d1d21e4777bef6788a92ef15d2a241/javaparser-core-3.0.1.jar
7f3968010000-7f3968018000 r--s 00045000 08:02 5505595                    /home/grayce/.gradle/caches/modules-2/files-2.1/junit/junit/4.12/2973d150c0dc1fefe998f834810d68f278ea58ec/junit-4.12.jar
7f3968018000-7f396802e000 r-xp 00000000 08:02 5375751                    /home/grayce/Downloads/android-studio/jre/jre/lib/amd64/libnet.so
7f396802e000-7f396802f000 rw-p 00016000 08:02 5375751                    /home/grayce/Downloads/android-studio/jre/jre/lib/amd64/libnet.so
7f396802f000-7f3968040000 r--s 000cc000 08:02 3408921                    /home/grayce/Downloads/android-studio/lib/intellij-coverage-agent-1.0.495.jar
7f3968040000-7f396804b000 r-xp 00000000 08:02 25959684                   /usr/lib/x86_64-linux-gnu/libnss_nis-2.24.so
7f396804b000-7f396824a000 ---p 0000b000 08:02 25959684                   /usr/lib/x86_64-linux-gnu/libnss_nis-2.24.so
7f396824a000-7f396824b000 r--p 0000a000 08:02 25959684                   /usr/lib/x86_64-linux-gnu/libnss_nis-2.24.so
7f396824b000-7f396824c000 rw-p 0000b000 08:02 25959684                   /usr/lib/x86_64-linux-gnu/libnss_nis-2.24.so
7f396824c000-7f3968260000 r-xp 00000000 08:02 25959666                   /usr/lib/x86_64-linux-gnu/libnsl-2.24.so
7f3968260000-7f3968460000 ---p 00014000 08:02 25959666                   /usr/lib/x86_64-linux-gnu/libnsl-2.24.so
7f3968460000-7f3968461000 r--p 00014000 08:02 25959666                   /usr/lib/x86_64-linux-gnu/libnsl-2.24.so
7f3968461000-7f3968462000 rw-p 00015000 08:02 25959666                   /usr/lib/x86_64-linux-gnu/libnsl-2.24.so
7f3968462000-7f3968464000 rw-p 00000000 00:00 0 
7f3968464000-7f396846b000 r-xp 00000000 08:02 25959672                   /usr/lib/x86_64-linux-gnu/libnss_compat-2.24.so
7f396846b000-7f396866a000 ---p 00007000 08:02 25959672                   /usr/lib/x86_64-linux-gnu/libnss_compat-2.24.so
7f396866a000-7f396866b000 r--p 00006000 08:02 25959672                   /usr/lib/x86_64-linux-gnu/libnss_compat-2.24.so
7f396866b000-7f396866c000 rw-p 00007000 08:02 25959672                   /usr/lib/x86_64-linux-gnu/libnss_compat-2.24.so
7f396866c000-7f3968807000 r--p 00000000 08:02 25566875                   /usr/lib/locale/locale-archive
7f3968807000-7f396880e000 r-xp 00000000 08:02 25959928                   /usr/lib/x86_64-linux-gnu/librt-2.24.so
7f396880e000-7f3968a0d000 ---p 00007000 08:02 25959928                   /usr/lib/x86_64-linux-gnu/librt-2.24.so
7f3968a0d000-7f3968a0e000 r--p 00006000 08:02 25959928                   /usr/lib/x86_64-linux-gnu/librt-2.24.so
7f3968a0e000-7f3968a0f000 rw-p 00007000 08:02 25959928                   /usr/lib/x86_64-linux-gnu/librt-2.24.so
7f3968a0f000-7f3968b12000 r-xp 00000000 08:02 25959542                   /usr/lib/x86_64-linux-gnu/libm-2.24.so
7f3968b12000-7f3968d11000 ---p 00103000 08:02 25959542                   /usr/lib/x86_64-linux-gnu/libm-2.24.so
7f3968d11000-7f3968d12000 r--p 00102000 08:02 25959542                   /usr/lib/x86_64-linux-gnu/libm-2.24.so
7f3968d12000-7f3968d13000 rw-p 00103000 08:02 25959542                   /usr/lib/x86_64-linux-gnu/libm-2.24.so
7f3968d13000-7f3969939000 r-xp 00000000 08:02 5375765                    /home/grayce/Downloads/android-studio/jre/jre/lib/amd64/server/libjvm.so
7f3969939000-7f3969a09000 rw-p 00c26000 08:02 5375765                    /home/grayce/Downloads/android-studio/jre/jre/lib/amd64/server/libjvm.so
7f3969a09000-7f3969a4d000 rw-p 00000000 00:00 0 
7f3969a4d000-7f3969be2000 r-xp 00000000 08:02 25958712                   /usr/lib/x86_64-linux-gnu/libc-2.24.so
7f3969be2000-7f3969de2000 ---p 00195000 08:02 25958712                   /usr/lib/x86_64-linux-gnu/libc-2.24.so
7f3969de2000-7f3969de6000 r--p 00195000 08:02 25958712                   /usr/lib/x86_64-linux-gnu/libc-2.24.so
7f3969de6000-7f3969de8000 rw-p 00199000 08:02 25958712                   /usr/lib/x86_64-linux-gnu/libc-2.24.so
7f3969de8000-7f3969dec000 rw-p 00000000 00:00 0 
7f3969dec000-7f3969def000 r-xp 00000000 08:02 25958851                   /usr/lib/x86_64-linux-gnu/libdl-2.24.so
7f3969def000-7f3969fee000 ---p 00003000 08:02 25958851                   /usr/lib/x86_64-linux-gnu/libdl-2.24.so
7f3969fee000-7f3969fef000 r--p 00002000 08:02 25958851                   /usr/lib/x86_64-linux-gnu/libdl-2.24.so
7f3969fef000-7f3969ff0000 rw-p 00003000 08:02 25958851                   /usr/lib/x86_64-linux-gnu/libdl-2.24.so
7f3969ff0000-7f396a008000 r-xp 00000000 08:02 25959868                   /usr/lib/x86_64-linux-gnu/libpthread-2.24.so
7f396a008000-7f396a207000 ---p 00018000 08:02 25959868                   /usr/lib/x86_64-linux-gnu/libpthread-2.24.so
7f396a207000-7f396a208000 r--p 00017000 08:02 25959868                   /usr/lib/x86_64-linux-gnu/libpthread-2.24.so
7f396a208000-7f396a209000 rw-p 00018000 08:02 25959868                   /usr/lib/x86_64-linux-gnu/libpthread-2.24.so
7f396a209000-7f396a20d000 rw-p 00000000 00:00 0 
7f396a20d000-7f396a230000 r-xp 00000000 08:02 25958260                   /usr/lib/x86_64-linux-gnu/ld-2.24.so
7f396a230000-7f396a232000 r--s 00003000 08:02 5513532                    /home/grayce/.gradle/caches/modules-2/files-2.1/org.powermock/powermock-module-junit4-common/1.7.1/cfd1f8fb63e50ae4c409ace696136ec3d595e832/powermock-module-junit4-common-1.7.1.jar
7f396a232000-7f396a234000 r--s 0000a000 08:02 5513534                    /home/grayce/.gradle/caches/modules-2/files-2.1/org.powermock/powermock-module-junit4/1.7.1/b68666adbfc6a282a231f3af7a593aad3ee0e002/powermock-module-junit4-1.7.1.jar
7f396a234000-7f396a236000 r--s 00009000 08:02 5505597                    /home/grayce/.gradle/caches/modules-2/files-2.1/org.hamcrest/hamcrest-core/1.3/42a25dc3219429f0e5d060061f71acb49bf010a0/hamcrest-core-1.3.jar
7f396a236000-7f396a237000 r--s 0000c000 08:02 5505596                    /home/grayce/.gradle/caches/modules-2/files-2.1/org.hamcrest/hamcrest-library/1.3/4785a3c21320980282f9f33d0d1264a69040538f/hamcrest-library-1.3.jar
7f396a237000-7f396a239000 r--s 00020000 08:02 3409180                    /home/grayce/Downloads/android-studio/plugins/junit/lib/junit-rt.jar
7f396a239000-7f396a23b000 r--s 0001b000 08:02 3408926                    /home/grayce/Downloads/android-studio/lib/idea_rt.jar
7f396a23b000-7f396a2a6000 rw-p 00000000 00:00 0 
7f396a2a6000-7f396a2c1000 r-xp 00000000 08:02 5375747                    /home/grayce/Downloads/android-studio/jre/jre/lib/amd64/libzip.so
7f396a2c1000-7f396a2c2000 rw-p 0001a000 08:02 5375747                    /home/grayce/Downloads/android-studio/jre/jre/lib/amd64/libzip.so
7f396a2c2000-7f396a2cc000 r-xp 00000000 08:02 5375739                    /home/grayce/Downloads/android-studio/jre/jre/lib/amd64/libinstrument.so
7f396a2cc000-7f396a2cd000 rw-p 00009000 08:02 5375739                    /home/grayce/Downloads/android-studio/jre/jre/lib/amd64/libinstrument.so
7f396a2cd000-7f396a2f7000 r-xp 00000000 08:02 5375755                    /home/grayce/Downloads/android-studio/jre/jre/lib/amd64/libjava.so
7f396a2f7000-7f396a2f9000 rw-p 0002a000 08:02 5375755                    /home/grayce/Downloads/android-studio/jre/jre/lib/amd64/libjava.so
7f396a2f9000-7f396a2fc000 ---p 00000000 00:00 0 
7f396a2fc000-7f396a3fc000 rw-p 00000000 00:00 0 
7f396a3fc000-7f396a412000 r-xp 00000000 08:02 5375646                    /home/grayce/Downloads/android-studio/jre/lib/amd64/jli/libjli.so
7f396a412000-7f396a413000 rw-p 00015000 08:02 5375646                    /home/grayce/Downloads/android-studio/jre/lib/amd64/jli/libjli.so
7f396a413000-7f396a414000 r--s 0000a000 08:02 3409181                    /home/grayce/Downloads/android-studio/plugins/junit/lib/junit5-rt.jar
7f396a414000-7f396a41c000 rw-s 00000000 08:02 6293343                    /tmp/hsperfdata_grayce/28407
7f396a41c000-7f396a41d000 rw-p 00000000 00:00 0 
7f396a41d000-7f396a41e000 ---p 00000000 00:00 0 
7f396a41e000-7f396a42b000 r-xp 00000000 08:02 5375743                    /home/grayce/Downloads/android-studio/jre/jre/lib/amd64/libverify.so
7f396a42b000-7f396a42d000 rw-p 0000c000 08:02 5375743                    /home/grayce/Downloads/android-studio/jre/jre/lib/amd64/libverify.so
7f396a42d000-7f396a430000 rw-p 00000000 00:00 0 
7f396a430000-7f396a431000 r--p 00023000 08:02 25958260                   /usr/lib/x86_64-linux-gnu/ld-2.24.so
7f396a431000-7f396a432000 rw-p 00024000 08:02 25958260                   /usr/lib/x86_64-linux-gnu/ld-2.24.so
7f396a432000-7f396a433000 rw-p 00000000 00:00 0 
7fffd422c000-7fffd4250000 rw-p 00000000 00:00 0                          [stack]
7fffd42b9000-7fffd42bc000 r--p 00000000 00:00 0                          [vvar]
7fffd42bc000-7fffd42be000 r-xp 00000000 00:00 0                          [vdso]
ffffffffff600000-ffffffffff601000 r-xp 00000000 00:00 0                  [vsyscall]

VM Arguments:
jvm_args: -ea -javaagent:/home/grayce/Downloads/android-studio/lib/intellij-coverage-agent-1.0.495.jar=/tmp/coverageargs -Didea.test.cyclic.buffer.size=1048576 -javaagent:/home/grayce/Downloads/android-studio/lib/idea_rt.jar=36225:/home/grayce/Downloads/android-studio/bin -Dfile.encoding=UTF-8 
java_command: com.intellij.rt.execution.junit.JUnitStarter -ideVersion5 -junit4 com.pluralsight.candycoded._2_StartTheGoogleMapsActivity
java_class_path (initial): /home/grayce/Downloads/android-studio/lib/idea_rt.jar:/home/grayce/Downloads/android-studio/plugins/junit/lib/junit-rt.jar:/home/grayce/Downloads/android-studio/plugins/junit/lib/junit5-rt.jar:/home/grayce/Android/Sdk/platforms/android-25/data/res:/home/grayce/AndroidStudioProjects/Android-CandyCodedApplication/app/build/intermediates/classes/test/debug:/home/grayce/AndroidStudioProjects/Android-CandyCodedApplication/app/build/intermediates/classes/debug:/home/grayce/AndroidStudioProjects/Android-CandyCodedApplication/app/build/intermediates/sourceFolderJavaResources/test/debug:/home/grayce/AndroidStudioProjects/Android-CandyCodedApplication/app/build/generated/res/rs/debug:/home/grayce/AndroidStudioProjects/Android-CandyCodedApplication/app/build/generated/res/resValues/debug:/home/grayce/.gradle/caches/modules-2/files-2.1/org.hamcrest/hamcrest-library/1.3/4785a3c21320980282f9f33d0d1264a69040538f/hamcrest-library-1.3.jar:/home/grayce/.gradle/caches/modules-2/files-2.1/junit/junit/4.12/2973d150c0dc1fefe998f834810d68f278ea58ec/junit-4.12.jar:/home/grayce/.gradle/caches/modules-2/files-2.1/org.hamcrest/hamcrest-core/1.3/42a25dc3219429f0e5d060061f71acb49bf010a0/hamcrest-core-1.3.jar:/home/grayce/.gradle/caches/modules-2/files-2.1/org.powermock/powermock-module-junit4/1.7.1/b68666adbfc6a282a231f3af7a593aad3ee0e002/powermock-module-junit4-1.7.1.jar:/home/grayce/.gradle/caches/modules-2/files-2.1/org.powermock/powermock-module-junit4-common/1.7.1/cfd1f8fb63e50ae4c409ace696136ec3d595e832/powermock-module-junit4-common-1.7.1.jar:/home/grayce/.gradle/caches/modules-2/files-2.1/com.github.javaparser/javaparser-core/3.0.1/49c49fe9c0d1d21e4777bef6788a92ef15d2a241/javaparser-core-3.0.1.jar:/home/grayce/.gradle/caches/modules-2/files-2.1/org.powermock/powermock-api-mockito2/1.7.1/957158530a6e4552fa3addc979d62dcf3e1b1c74/powermock-api-mockito2-1.7.1.jar:/home/grayce/.gradle/caches/modules-2/files-2.1/org.powermock/powermock-api-mockito-common/1.7.1/bca
Launcher Type: SUN_STANDARD

Environment Variables:
PATH=/usr/local/bin:/usr/bin:/bin:/usr/local/games:/usr/games:/sbin:/usr/sbin:/snap/bin
SHELL=/bin/bash
DISPLAY=:0

Signal Handlers:
SIGSEGV: [libjvm.so+0xa09650], sa_mask[0]=11111111011111111101111111111110, sa_flags=SA_RESTART|SA_SIGINFO
SIGBUS: [libjvm.so+0xa09650], sa_mask[0]=11111111011111111101111111111110, sa_flags=SA_RESTART|SA_SIGINFO
SIGFPE: [libjvm.so+0x86bc60], sa_mask[0]=11111111011111111101111111111110, sa_flags=SA_RESTART|SA_SIGINFO
SIGPIPE: [libjvm.so+0x86bc60], sa_mask[0]=11111111011111111101111111111110, sa_flags=SA_RESTART|SA_SIGINFO
SIGXFSZ: [libjvm.so+0x86bc60], sa_mask[0]=11111111011111111101111111111110, sa_flags=SA_RESTART|SA_SIGINFO
SIGILL: [libjvm.so+0x86bc60], sa_mask[0]=11111111011111111101111111111110, sa_flags=SA_RESTART|SA_SIGINFO
SIGUSR1: SIG_DFL, sa_mask[0]=00000000000000000000000000000000, sa_flags=none
SIGUSR2: [libjvm.so+0x86bb30], sa_mask[0]=00100000000000000000000000000000, sa_flags=SA_RESTART|SA_SIGINFO
SIGHUP: SIG_IGN, sa_mask[0]=00000000000000000000000000000000, sa_flags=none
SIGINT: [libjvm.so+0x86bd20], sa_mask[0]=11111111011111111101111111111110, sa_flags=SA_RESTART|SA_SIGINFO
SIGTERM: [libjvm.so+0x86bd20], sa_mask[0]=11111111011111111101111111111110, sa_flags=SA_RESTART|SA_SIGINFO
SIGQUIT: [libjvm.so+0x86bd20], sa_mask[0]=11111111011111111101111111111110, sa_flags=SA_RESTART|SA_SIGINFO


---------------  S Y S T E M  ---------------

OS:DISTRIB_ID=Deepin
DISTRIB_RELEASE="15.11"
DISTRIB_DESCRIPTION="Deepin 15.11 "
DISTRIB_CODENAME=stable

uname:Linux 4.15.0-30deepin-generic #31 SMP Fri Nov 30 04:29:02 UTC 2018 x86_64
libc:glibc 2.24 NPTL 2.24 
rlimit: STACK 8192k, CORE 0k, NPROC 22932, NOFILE 1048576, AS infinity
load average:1.29 0.86 0.79

/proc/meminfo:
MemTotal:        6007476 kB
MemFree:          123404 kB
MemAvailable:      50032 kB
Buffers:            1196 kB
Cached:           234924 kB
SwapCached:            0 kB
Active:          5412936 kB
Inactive:         206760 kB
Active(anon):    5385476 kB
Inactive(anon):   179864 kB
Active(file):      27460 kB
Inactive(file):    26896 kB
Unevictable:          80 kB
Mlocked:              80 kB
SwapTotal:             0 kB
SwapFree:              0 kB
Dirty:               268 kB
Writeback:             0 kB
AnonPages:       5384028 kB
Mapped:           129968 kB
Shmem:            181432 kB
Slab:             118376 kB
SReclaimable:      52204 kB
SUnreclaim:        66172 kB
KernelStack:       16480 kB
PageTables:        61864 kB
NFS_Unstable:          0 kB
Bounce:                0 kB
WritebackTmp:          0 kB
CommitLimit:     3003736 kB
Committed_AS:   13293696 kB
VmallocTotal:   34359738367 kB
VmallocUsed:           0 kB
VmallocChunk:          0 kB
HardwareCorrupted:     0 kB
AnonHugePages:      2048 kB
ShmemHugePages:        0 kB
ShmemPmdMapped:        0 kB
CmaTotal:              0 kB
CmaFree:               0 kB
HugePages_Total:       0
HugePages_Free:        0
HugePages_Rsvd:        0
HugePages_Surp:        0
Hugepagesize:       2048 kB
DirectMap4k:      216948 kB
DirectMap2M:     5978112 kB
DirectMap1G:     1048576 kB

container (cgroup) information:
container_type: cgroupv1
cpu_cpuset_cpus: 0-3
cpu_memory_nodes: 0
active_processor_count: 4
cpu_quota: -1
cpu_period: 100000
cpu_shares: -1
memory_limit_in_bytes: -1
memory_and_swap_limit_in_bytes: -2
memory_soft_limit_in_bytes: -1
memory_usage_in_bytes: 4109475840
memory_max_usage_in_bytes: 4113084416


CPU:total 4 (initial active 4) (2 cores per cpu, 2 threads per core) family 6 model 60 stepping 3, cmov, cx8, fxsr, mmx, sse, sse2, sse3, ssse3, sse4.1, sse4.2, popcnt, avx, avx2, aes, clmul, erms, lzcnt, ht, tsc, tscinvbit, bmi1, bmi2

/proc/cpuinfo:
processor	: 0
vendor_id	: GenuineIntel
cpu family	: 6
model		: 60
model name	: Intel(R) Core(TM) i5-4300M CPU @ 2.60GHz
stepping	: 3
microcode	: 0x25
cpu MHz		: 2566.212
cache size	: 3072 KB
physical id	: 0
siblings	: 4
core id		: 0
cpu cores	: 2
apicid		: 0
initial apicid	: 0
fpu		: yes
fpu_exception	: yes
cpuid level	: 13
wp		: yes
flags		: fpu vme de pse tsc msr pae mce cx8 apic sep mtrr pge mca cmov pat pse36 clflush dts acpi mmx fxsr sse sse2 ss ht tm pbe syscall nx pdpe1gb rdtscp lm constant_tsc arch_perfmon pebs bts rep_good nopl xtopology nonstop_tsc cpuid aperfmperf pni pclmulqdq dtes64 monitor ds_cpl vmx smx est tm2 ssse3 sdbg fma cx16 xtpr pdcm pcid sse4_1 sse4_2 x2apic movbe popcnt tsc_deadline_timer aes xsave avx f16c rdrand lahf_lm abm cpuid_fault epb invpcid_single pti ssbd ibrs ibpb stibp tpr_shadow vnmi flexpriority ept vpid fsgsbase tsc_adjust bmi1 avx2 smep bmi2 erms invpcid xsaveopt dtherm ida arat pln pts
bugs		: cpu_meltdown spectre_v1 spectre_v2 spec_store_bypass
bogomips	: 5187.91
clflush size	: 64
cache_alignment	: 64
address sizes	: 39 bits physical, 48 bits virtual
power management:

processor	: 1
vendor_id	: GenuineIntel
cpu family	: 6
model		: 60
model name	: Intel(R) Core(TM) i5-4300M CPU @ 2.60GHz
stepping	: 3
microcode	: 0x25
cpu MHz		: 2563.569
cache size	: 3072 KB
physical id	: 0
siblings	: 4
core id		: 1
cpu cores	: 2
apicid		: 2
initial apicid	: 2
fpu		: yes
fpu_exception	: yes
cpuid level	: 13
wp		: yes
flags		: fpu vme de pse tsc msr pae mce cx8 apic sep mtrr pge mca cmov pat pse36 clflush dts acpi mmx fxsr sse sse2 ss ht tm pbe syscall nx pdpe1gb rdtscp lm constant_tsc arch_perfmon pebs bts rep_good nopl xtopology nonstop_tsc cpuid aperfmperf pni pclmulqdq dtes64 monitor ds_cpl vmx smx est tm2 ssse3 sdbg fma cx16 xtpr pdcm pcid sse4_1 sse4_2 x2apic movbe popcnt tsc_deadline_timer aes xsave avx f16c rdrand lahf_lm abm cpuid_fault epb invpcid_single pti ssbd ibrs ibpb stibp tpr_shadow vnmi flexpriority ept vpid fsgsbase tsc_adjust bmi1 avx2 smep bmi2 erms invpcid xsaveopt dtherm ida arat pln pts
bugs		: cpu_meltdown spectre_v1 spectre_v2 spec_store_bypass
bogomips	: 5187.91
clflush size	: 64
cache_alignment	: 64
address sizes	: 39 bits physical, 48 bits virtual
power management:

processor	: 2
vendor_id	: GenuineIntel
cpu family	: 6
model		: 60
model name	: Intel(R) Core(TM) i5-4300M CPU @ 2.60GHz
stepping	: 3
microcode	: 0x25
cpu MHz		: 2576.159
cache size	: 3072 KB
physical id	: 0
siblings	: 4
core id		: 0
cpu cores	: 2
apicid		: 1
initial apicid	: 1
fpu		: yes
fpu_exception	: yes
cpuid level	: 13
wp		: yes
flags		: fpu vme de pse tsc msr pae mce cx8 apic sep mtrr pge mca cmov pat pse36 clflush dts acpi mmx fxsr sse sse2 ss ht tm pbe syscall nx pdpe1gb rdtscp lm constant_tsc arch_perfmon pebs bts rep_good nopl xtopology nonstop_tsc cpuid aperfmperf pni pclmulqdq dtes64 monitor ds_cpl vmx smx est tm2 ssse3 sdbg fma cx16 xtpr pdcm pcid sse4_1 sse4_2 x2apic movbe popcnt tsc_deadline_timer aes xsave avx f16c rdrand lahf_lm abm cpuid_fault epb invpcid_single pti ssbd ibrs ibpb stibp tpr_shadow vnmi flexpriority ept vpid fsgsbase tsc_adjust bmi1 avx2 smep bmi2 erms invpcid xsaveopt dtherm ida arat pln pts
bugs		: cpu_meltdown spectre_v1 spectre_v2 spec_store_bypass
bogomips	: 5187.91
clflush size	: 64
cache_alignment	: 64
address sizes	: 39 bits physical, 48 bits virtual
power management:

processor	: 3
vendor_id	: GenuineIntel
cpu family	: 6
model		: 60
model name	: Intel(R) Core(TM) i5-4300M CPU @ 2.60GHz
stepping	: 3
microcode	: 0x25
cpu MHz		: 2564.686
cache size	: 3072 KB
physical id	: 0
siblings	: 4
core id		: 1
cpu cores	: 2
apicid		: 3
initial apicid	: 3
fpu		: yes
fpu_exception	: yes
cpuid level	: 13
wp		: yes
flags		: fpu vme de pse tsc msr pae mce cx8 apic sep mtrr pge mca cmov pat pse36 clflush dts acpi mmx fxsr sse sse2 ss ht tm pbe syscall nx pdpe1gb rdtscp lm constant_tsc arch_perfmon pebs bts rep_good nopl xtopology nonstop_tsc cpuid aperfmperf pni pclmulqdq dtes64 monitor ds_cpl vmx smx est tm2 ssse3 sdbg fma cx16 xtpr pdcm pcid sse4_1 sse4_2 x2apic movbe popcnt tsc_deadline_timer aes xsave avx f16c rdrand lahf_lm abm cpuid_fault epb invpcid_single pti ssbd ibrs ibpb stibp tpr_shadow vnmi flexpriority ept vpid fsgsbase tsc_adjust bmi1 avx2 smep bmi2 erms invpcid xsaveopt dtherm ida arat pln pts
bugs		: cpu_meltdown spectre_v1 spectre_v2 spec_store_bypass
bogomips	: 5187.91
clflush size	: 64
cache_alignment	: 64
address sizes	: 39 bits physical, 48 bits virtual
power management:



Memory: 4k page, physical 6007476k(123692k free), swap 0k(0k free)

vm_info: OpenJDK 64-Bit Server VM (25.202-b49-5587405) for linux-amd64 JRE (1.8.0_202-release-1483-b49-5587405), built by "android-build" with gcc 4.8

time: Sun Nov  3 21:51:12 2019
timezone: EAT
elapsed time: 4 seconds (0d 0h 0m 4s)

